<?xml version="1.0" encoding="UTF-8"?>
<!-- Generated by org.testng.reporters.JUnitReportReporter -->
<testsuite hostname="DESKTOP-J056G46" failures="0" tests="1" name="io.test.TakeScreenTest" time="10.595" errors="0" timestamp="2021-10-13T16:57:07 IST" skipped="0">
  <testcase classname="io.test.TakeScreenTest" name="scren" time="10.595"/>
  <system-out/>
</testsuite> <!-- io.test.TakeScreenTest -->
