<?xml version="1.0" encoding="UTF-8"?>
<!-- Generated by org.testng.reporters.JUnitReportReporter -->
<testsuite hostname="DESKTOP-J056G46" failures="0" tests="3" name="io.test.ExcelReaderTest" time="21.245" errors="0" timestamp="2021-10-13T16:11:40 IST" skipped="0">
  <testcase classname="io.test.ExcelReaderTest" name="excelData" time="6.340"/>
  <system-out/>
  <testcase classname="io.test.ExcelReaderTest" name="excelData" time="6.662"/>
  <system-out/>
  <testcase classname="io.test.ExcelReaderTest" name="excelData" time="8.243"/>
  <system-out/>
</testsuite> <!-- io.test.ExcelReaderTest -->
