<?xml version="1.0" encoding="UTF-8"?>
<!-- Generated by org.testng.reporters.JUnitReportReporter -->
<testsuite hostname="DESKTOP-J056G46" failures="0" tests="1" name="io.test.LoginPageTest" time="6.327" errors="0" timestamp="2021-10-13T13:06:14 IST" skipped="0">
  <testcase classname="io.test.LoginPageTest" name="validateLogin" time="6.327"/>
  <system-out/>
</testsuite> <!-- io.test.LoginPageTest -->
